[ 2018-12-11T16:22:20+08:00 ] 127.0.0.1 /index.php/Home/index/login
INFO: [ app_init ] --START--
INFO: Run Behavior\BuildLiteBehavior [ RunTime:0.000000s ]
INFO: [ app_init ] --END-- [ RunTime:0.001000s ]
INFO: [ app_begin ] --START--
INFO: Run Behavior\ReadHtmlCacheBehavior [ RunTime:0.001000s ]
INFO: [ app_begin ] --END-- [ RunTime:0.001000s ]
INFO: [ view_parse ] --START--
INFO: [ template_filter ] --START--
INFO: Run Behavior\ContentReplaceBehavior [ RunTime:0.000000s ]
INFO: [ template_filter ] --END-- [ RunTime:0.000000s ]
NOTIC: [2] include(server.php): failed to open stream: No such file or directory D:\webroot\regis\Application\Runtime\Cache\Home\ccea6a400660ce54d68cab67b9f68781.php 第 1 行.
NOTIC: [2] include(server.php): failed to open stream: No such file or directory D:\webroot\regis\Application\Runtime\Cache\Home\ccea6a400660ce54d68cab67b9f68781.php 第 1 行.
NOTIC: [2] include(): Failed opening 'server.php' for inclusion (include_path='.;C:\php\pear') D:\webroot\regis\Application\Runtime\Cache\Home\ccea6a400660ce54d68cab67b9f68781.php 第 1 行.
NOTIC: [2] include(errors.php): failed to open stream: No such file or directory D:\webroot\regis\Application\Runtime\Cache\Home\ccea6a400660ce54d68cab67b9f68781.php 第 14 行.
NOTIC: [2] include(errors.php): failed to open stream: No such file or directory D:\webroot\regis\Application\Runtime\Cache\Home\ccea6a400660ce54d68cab67b9f68781.php 第 14 行.
NOTIC: [2] include(): Failed opening 'errors.php' for inclusion (include_path='.;C:\php\pear') D:\webroot\regis\Application\Runtime\Cache\Home\ccea6a400660ce54d68cab67b9f68781.php 第 14 行.
INFO: Run Behavior\ParseTemplateBehavior [ RunTime:0.020002s ]
INFO: [ view_parse ] --END-- [ RunTime:0.020002s ]
INFO: [ view_filter ] --START--
INFO: Run Behavior\WriteHtmlCacheBehavior [ RunTime:0.000000s ]
INFO: [ view_filter ] --END-- [ RunTime:0.000000s ]
INFO: [ app_end ] --START--
INFO: Run Behavior\ShowPageTraceBehavior [ RunTime:0.001000s ]
INFO: [ app_end ] --END-- [ RunTime:0.001000s ]

[ 2018-12-11T16:22:22+08:00 ] 127.0.0.1 /index.php/Home/index/register.html
INFO: [ app_init ] --START--
INFO: Run Behavior\BuildLiteBehavior [ RunTime:0.000000s ]
INFO: [ app_init ] --END-- [ RunTime:0.000000s ]
INFO: [ app_begin ] --START--
INFO: Run Behavior\ReadHtmlCacheBehavior [ RunTime:0.001000s ]
INFO: [ app_begin ] --END-- [ RunTime:0.001000s ]
INFO: [ view_parse ] --START--
INFO: [ template_filter ] --START--
INFO: Run Behavior\ContentReplaceBehavior [ RunTime:0.000000s ]
INFO: [ template_filter ] --END-- [ RunTime:0.000000s ]
NOTIC: [2] include(server.php): failed to open stream: No such file or directory D:\webroot\regis\Application\Runtime\Cache\Home\e2f1e8739761dd1b07196da7c9136d50.php 第 1 行.
NOTIC: [2] include(server.php): failed to open stream: No such file or directory D:\webroot\regis\Application\Runtime\Cache\Home\e2f1e8739761dd1b07196da7c9136d50.php 第 1 行.
NOTIC: [2] include(): Failed opening 'server.php' for inclusion (include_path='.;C:\php\pear') D:\webroot\regis\Application\Runtime\Cache\Home\e2f1e8739761dd1b07196da7c9136d50.php 第 1 行.
NOTIC: [2] include(errors.php): failed to open stream: No such file or directory D:\webroot\regis\Application\Runtime\Cache\Home\e2f1e8739761dd1b07196da7c9136d50.php 第 14 行.
NOTIC: [2] include(errors.php): failed to open stream: No such file or directory D:\webroot\regis\Application\Runtime\Cache\Home\e2f1e8739761dd1b07196da7c9136d50.php 第 14 行.
NOTIC: [2] include(): Failed opening 'errors.php' for inclusion (include_path='.;C:\php\pear') D:\webroot\regis\Application\Runtime\Cache\Home\e2f1e8739761dd1b07196da7c9136d50.php 第 14 行.
NOTIC: [8] Undefined variable: username D:\webroot\regis\Application\Runtime\Cache\Home\e2f1e8739761dd1b07196da7c9136d50.php 第 17 行.
INFO: Run Behavior\ParseTemplateBehavior [ RunTime:0.007001s ]
INFO: [ view_parse ] --END-- [ RunTime:0.007001s ]
INFO: [ view_filter ] --START--
INFO: Run Behavior\WriteHtmlCacheBehavior [ RunTime:0.001000s ]
INFO: [ view_filter ] --END-- [ RunTime:0.001000s ]
INFO: [ app_end ] --START--
INFO: Run Behavior\ShowPageTraceBehavior [ RunTime:0.001000s ]
INFO: [ app_end ] --END-- [ RunTime:0.001000s ]

[ 2018-12-11T16:22:38+08:00 ] 127.0.0.1 /index.php/Home/index/register.html
INFO: [ app_init ] --START--
INFO: Run Behavior\BuildLiteBehavior [ RunTime:0.000000s ]
INFO: [ app_init ] --END-- [ RunTime:0.000000s ]
INFO: [ app_begin ] --START--
INFO: Run Behavior\ReadHtmlCacheBehavior [ RunTime:0.001000s ]
INFO: [ app_begin ] --END-- [ RunTime:0.001000s ]
INFO: [ view_parse ] --START--
INFO: [ template_filter ] --START--
INFO: Run Behavior\ContentReplaceBehavior [ RunTime:0.000000s ]
INFO: [ template_filter ] --END-- [ RunTime:0.000000s ]
NOTIC: [2] include(server.php): failed to open stream: No such file or directory D:\webroot\regis\Application\Runtime\Cache\Home\e2f1e8739761dd1b07196da7c9136d50.php 第 1 行.
NOTIC: [2] include(server.php): failed to open stream: No such file or directory D:\webroot\regis\Application\Runtime\Cache\Home\e2f1e8739761dd1b07196da7c9136d50.php 第 1 行.
NOTIC: [2] include(): Failed opening 'server.php' for inclusion (include_path='.;C:\php\pear') D:\webroot\regis\Application\Runtime\Cache\Home\e2f1e8739761dd1b07196da7c9136d50.php 第 1 行.
NOTIC: [2] include(errors.php): failed to open stream: No such file or directory D:\webroot\regis\Application\Runtime\Cache\Home\e2f1e8739761dd1b07196da7c9136d50.php 第 14 行.
NOTIC: [2] include(errors.php): failed to open stream: No such file or directory D:\webroot\regis\Application\Runtime\Cache\Home\e2f1e8739761dd1b07196da7c9136d50.php 第 14 行.
NOTIC: [2] include(): Failed opening 'errors.php' for inclusion (include_path='.;C:\php\pear') D:\webroot\regis\Application\Runtime\Cache\Home\e2f1e8739761dd1b07196da7c9136d50.php 第 14 行.
NOTIC: [8] Undefined variable: username D:\webroot\regis\Application\Runtime\Cache\Home\e2f1e8739761dd1b07196da7c9136d50.php 第 17 行.
INFO: Run Behavior\ParseTemplateBehavior [ RunTime:0.008001s ]
INFO: [ view_parse ] --END-- [ RunTime:0.008001s ]
INFO: [ view_filter ] --START--
INFO: Run Behavior\WriteHtmlCacheBehavior [ RunTime:0.001000s ]
INFO: [ view_filter ] --END-- [ RunTime:0.001000s ]
INFO: [ app_end ] --START--
INFO: Run Behavior\ShowPageTraceBehavior [ RunTime:0.001000s ]
INFO: [ app_end ] --END-- [ RunTime:0.001000s ]

[ 2018-12-11T16:22:41+08:00 ] 127.0.0.1 /index.php/Home/index/register.html
INFO: [ app_init ] --START--
INFO: Run Behavior\BuildLiteBehavior [ RunTime:0.000000s ]
INFO: [ app_init ] --END-- [ RunTime:0.001001s ]
INFO: [ app_begin ] --START--
INFO: Run Behavior\ReadHtmlCacheBehavior [ RunTime:0.001000s ]
INFO: [ app_begin ] --END-- [ RunTime:0.001000s ]
INFO: [ view_parse ] --START--
INFO: [ template_filter ] --START--
INFO: Run Behavior\ContentReplaceBehavior [ RunTime:0.000000s ]
INFO: [ template_filter ] --END-- [ RunTime:0.000000s ]
NOTIC: [2] include(server.php): failed to open stream: No such file or directory D:\webroot\regis\Application\Runtime\Cache\Home\e2f1e8739761dd1b07196da7c9136d50.php 第 1 行.
NOTIC: [2] include(server.php): failed to open stream: No such file or directory D:\webroot\regis\Application\Runtime\Cache\Home\e2f1e8739761dd1b07196da7c9136d50.php 第 1 行.
NOTIC: [2] include(): Failed opening 'server.php' for inclusion (include_path='.;C:\php\pear') D:\webroot\regis\Application\Runtime\Cache\Home\e2f1e8739761dd1b07196da7c9136d50.php 第 1 行.
NOTIC: [2] include(errors.php): failed to open stream: No such file or directory D:\webroot\regis\Application\Runtime\Cache\Home\e2f1e8739761dd1b07196da7c9136d50.php 第 14 行.
NOTIC: [2] include(errors.php): failed to open stream: No such file or directory D:\webroot\regis\Application\Runtime\Cache\Home\e2f1e8739761dd1b07196da7c9136d50.php 第 14 行.
NOTIC: [2] include(): Failed opening 'errors.php' for inclusion (include_path='.;C:\php\pear') D:\webroot\regis\Application\Runtime\Cache\Home\e2f1e8739761dd1b07196da7c9136d50.php 第 14 行.
NOTIC: [8] Undefined variable: username D:\webroot\regis\Application\Runtime\Cache\Home\e2f1e8739761dd1b07196da7c9136d50.php 第 17 行.
INFO: Run Behavior\ParseTemplateBehavior [ RunTime:0.006000s ]
INFO: [ view_parse ] --END-- [ RunTime:0.007000s ]
INFO: [ view_filter ] --START--
INFO: Run Behavior\WriteHtmlCacheBehavior [ RunTime:0.000000s ]
INFO: [ view_filter ] --END-- [ RunTime:0.000000s ]
INFO: [ app_end ] --START--
INFO: Run Behavior\ShowPageTraceBehavior [ RunTime:0.001000s ]
INFO: [ app_end ] --END-- [ RunTime:0.001000s ]

[ 2018-12-11T16:22:42+08:00 ] 127.0.0.1 /index.php/Home/index/register.html
INFO: [ app_init ] --START--
INFO: Run Behavior\BuildLiteBehavior [ RunTime:0.000000s ]
INFO: [ app_init ] --END-- [ RunTime:0.000000s ]
INFO: [ app_begin ] --START--
INFO: Run Behavior\ReadHtmlCacheBehavior [ RunTime:0.001000s ]
INFO: [ app_begin ] --END-- [ RunTime:0.001000s ]
INFO: [ view_parse ] --START--
INFO: [ template_filter ] --START--
INFO: Run Behavior\ContentReplaceBehavior [ RunTime:0.000000s ]
INFO: [ template_filter ] --END-- [ RunTime:0.000000s ]
NOTIC: [2] include(server.php): failed to open stream: No such file or directory D:\webroot\regis\Application\Runtime\Cache\Home\e2f1e8739761dd1b07196da7c9136d50.php 第 1 行.
NOTIC: [2] include(server.php): failed to open stream: No such file or directory D:\webroot\regis\Application\Runtime\Cache\Home\e2f1e8739761dd1b07196da7c9136d50.php 第 1 行.
NOTIC: [2] include(): Failed opening 'server.php' for inclusion (include_path='.;C:\php\pear') D:\webroot\regis\Application\Runtime\Cache\Home\e2f1e8739761dd1b07196da7c9136d50.php 第 1 行.
NOTIC: [2] include(errors.php): failed to open stream: No such file or directory D:\webroot\regis\Application\Runtime\Cache\Home\e2f1e8739761dd1b07196da7c9136d50.php 第 14 行.
NOTIC: [2] include(errors.php): failed to open stream: No such file or directory D:\webroot\regis\Application\Runtime\Cache\Home\e2f1e8739761dd1b07196da7c9136d50.php 第 14 行.
NOTIC: [2] include(): Failed opening 'errors.php' for inclusion (include_path='.;C:\php\pear') D:\webroot\regis\Application\Runtime\Cache\Home\e2f1e8739761dd1b07196da7c9136d50.php 第 14 行.
NOTIC: [8] Undefined variable: username D:\webroot\regis\Application\Runtime\Cache\Home\e2f1e8739761dd1b07196da7c9136d50.php 第 17 行.
INFO: Run Behavior\ParseTemplateBehavior [ RunTime:0.007001s ]
INFO: [ view_parse ] --END-- [ RunTime:0.007001s ]
INFO: [ view_filter ] --START--
INFO: Run Behavior\WriteHtmlCacheBehavior [ RunTime:0.001000s ]
INFO: [ view_filter ] --END-- [ RunTime:0.001000s ]
INFO: [ app_end ] --START--
INFO: Run Behavior\ShowPageTraceBehavior [ RunTime:0.001000s ]
INFO: [ app_end ] --END-- [ RunTime:0.001000s ]

[ 2018-12-11T16:39:29+08:00 ] 127.0.0.1 /
INFO: [ app_init ] --START--
INFO: Run Behavior\BuildLiteBehavior [ RunTime:0.000000s ]
INFO: [ app_init ] --END-- [ RunTime:0.000000s ]
INFO: [ app_begin ] --START--
INFO: Run Behavior\ReadHtmlCacheBehavior [ RunTime:0.000000s ]
INFO: [ app_begin ] --END-- [ RunTime:0.000000s ]
ERR: 非法操作:index

[ 2018-12-11T16:40:03+08:00 ] 127.0.0.1 /index.php/Home/index/login
INFO: [ app_init ] --START--
INFO: Run Behavior\BuildLiteBehavior [ RunTime:0.000000s ]
INFO: [ app_init ] --END-- [ RunTime:0.001000s ]
INFO: [ app_begin ] --START--
INFO: Run Behavior\ReadHtmlCacheBehavior [ RunTime:0.000000s ]
INFO: [ app_begin ] --END-- [ RunTime:0.001000s ]
INFO: [ view_parse ] --START--
INFO: [ template_filter ] --START--
INFO: Run Behavior\ContentReplaceBehavior [ RunTime:0.000000s ]
INFO: [ template_filter ] --END-- [ RunTime:0.000000s ]
NOTIC: [2] include(server.php): failed to open stream: No such file or directory D:\webroot\regis\Application\Runtime\Cache\Home\ccea6a400660ce54d68cab67b9f68781.php 第 1 行.
NOTIC: [2] include(server.php): failed to open stream: No such file or directory D:\webroot\regis\Application\Runtime\Cache\Home\ccea6a400660ce54d68cab67b9f68781.php 第 1 行.
NOTIC: [2] include(): Failed opening 'server.php' for inclusion (include_path='.;C:\php\pear') D:\webroot\regis\Application\Runtime\Cache\Home\ccea6a400660ce54d68cab67b9f68781.php 第 1 行.
NOTIC: [2] include(errors.php): failed to open stream: No such file or directory D:\webroot\regis\Application\Runtime\Cache\Home\ccea6a400660ce54d68cab67b9f68781.php 第 14 行.
NOTIC: [2] include(errors.php): failed to open stream: No such file or directory D:\webroot\regis\Application\Runtime\Cache\Home\ccea6a400660ce54d68cab67b9f68781.php 第 14 行.
NOTIC: [2] include(): Failed opening 'errors.php' for inclusion (include_path='.;C:\php\pear') D:\webroot\regis\Application\Runtime\Cache\Home\ccea6a400660ce54d68cab67b9f68781.php 第 14 行.
INFO: Run Behavior\ParseTemplateBehavior [ RunTime:0.021001s ]
INFO: [ view_parse ] --END-- [ RunTime:0.021001s ]
INFO: [ view_filter ] --START--
INFO: Run Behavior\WriteHtmlCacheBehavior [ RunTime:0.001000s ]
INFO: [ view_filter ] --END-- [ RunTime:0.001000s ]
INFO: [ app_end ] --START--
INFO: Run Behavior\ShowPageTraceBehavior [ RunTime:0.001000s ]
INFO: [ app_end ] --END-- [ RunTime:0.001000s ]

[ 2018-12-11T16:40:06+08:00 ] 127.0.0.1 /index.php/Home/index/register.html
INFO: [ app_init ] --START--
INFO: Run Behavior\BuildLiteBehavior [ RunTime:0.000000s ]
INFO: [ app_init ] --END-- [ RunTime:0.001000s ]
INFO: [ app_begin ] --START--
INFO: Run Behavior\ReadHtmlCacheBehavior [ RunTime:0.001000s ]
INFO: [ app_begin ] --END-- [ RunTime:0.001000s ]
INFO: [ view_parse ] --START--
INFO: [ template_filter ] --START--
INFO: Run Behavior\ContentReplaceBehavior [ RunTime:0.000000s ]
INFO: [ template_filter ] --END-- [ RunTime:0.000000s ]
NOTIC: [2] include(server.php): failed to open stream: No such file or directory D:\webroot\regis\Application\Runtime\Cache\Home\e2f1e8739761dd1b07196da7c9136d50.php 第 1 行.
NOTIC: [2] include(server.php): failed to open stream: No such file or directory D:\webroot\regis\Application\Runtime\Cache\Home\e2f1e8739761dd1b07196da7c9136d50.php 第 1 行.
NOTIC: [2] include(): Failed opening 'server.php' for inclusion (include_path='.;C:\php\pear') D:\webroot\regis\Application\Runtime\Cache\Home\e2f1e8739761dd1b07196da7c9136d50.php 第 1 行.
NOTIC: [2] include(errors.php): failed to open stream: No such file or directory D:\webroot\regis\Application\Runtime\Cache\Home\e2f1e8739761dd1b07196da7c9136d50.php 第 14 行.
NOTIC: [2] include(errors.php): failed to open stream: No such file or directory D:\webroot\regis\Application\Runtime\Cache\Home\e2f1e8739761dd1b07196da7c9136d50.php 第 14 行.
NOTIC: [2] include(): Failed opening 'errors.php' for inclusion (include_path='.;C:\php\pear') D:\webroot\regis\Application\Runtime\Cache\Home\e2f1e8739761dd1b07196da7c9136d50.php 第 14 行.
NOTIC: [8] Undefined variable: username D:\webroot\regis\Application\Runtime\Cache\Home\e2f1e8739761dd1b07196da7c9136d50.php 第 17 行.
INFO: Run Behavior\ParseTemplateBehavior [ RunTime:0.010000s ]
INFO: [ view_parse ] --END-- [ RunTime:0.010000s ]
INFO: [ view_filter ] --START--
INFO: Run Behavior\WriteHtmlCacheBehavior [ RunTime:0.000000s ]
INFO: [ view_filter ] --END-- [ RunTime:0.000000s ]
INFO: [ app_end ] --START--
INFO: Run Behavior\ShowPageTraceBehavior [ RunTime:0.001001s ]
INFO: [ app_end ] --END-- [ RunTime:0.001001s ]

[ 2018-12-11T16:40:09+08:00 ] 127.0.0.1 /index.php/Home/index/register.html
INFO: [ app_init ] --START--
INFO: Run Behavior\BuildLiteBehavior [ RunTime:0.000000s ]
INFO: [ app_init ] --END-- [ RunTime:0.001000s ]
INFO: [ app_begin ] --START--
INFO: Run Behavior\ReadHtmlCacheBehavior [ RunTime:0.001000s ]
INFO: [ app_begin ] --END-- [ RunTime:0.001000s ]
INFO: [ view_parse ] --START--
INFO: [ template_filter ] --START--
INFO: Run Behavior\ContentReplaceBehavior [ RunTime:0.000000s ]
INFO: [ template_filter ] --END-- [ RunTime:0.000000s ]
NOTIC: [2] include(server.php): failed to open stream: No such file or directory D:\webroot\regis\Application\Runtime\Cache\Home\e2f1e8739761dd1b07196da7c9136d50.php 第 1 行.
NOTIC: [2] include(server.php): failed to open stream: No such file or directory D:\webroot\regis\Application\Runtime\Cache\Home\e2f1e8739761dd1b07196da7c9136d50.php 第 1 行.
NOTIC: [2] include(): Failed opening 'server.php' for inclusion (include_path='.;C:\php\pear') D:\webroot\regis\Application\Runtime\Cache\Home\e2f1e8739761dd1b07196da7c9136d50.php 第 1 行.
NOTIC: [2] include(errors.php): failed to open stream: No such file or directory D:\webroot\regis\Application\Runtime\Cache\Home\e2f1e8739761dd1b07196da7c9136d50.php 第 14 行.
NOTIC: [2] include(errors.php): failed to open stream: No such file or directory D:\webroot\regis\Application\Runtime\Cache\Home\e2f1e8739761dd1b07196da7c9136d50.php 第 14 行.
NOTIC: [2] include(): Failed opening 'errors.php' for inclusion (include_path='.;C:\php\pear') D:\webroot\regis\Application\Runtime\Cache\Home\e2f1e8739761dd1b07196da7c9136d50.php 第 14 行.
NOTIC: [8] Undefined variable: username D:\webroot\regis\Application\Runtime\Cache\Home\e2f1e8739761dd1b07196da7c9136d50.php 第 17 行.
INFO: Run Behavior\ParseTemplateBehavior [ RunTime:0.007000s ]
INFO: [ view_parse ] --END-- [ RunTime:0.007000s ]
INFO: [ view_filter ] --START--
INFO: Run Behavior\WriteHtmlCacheBehavior [ RunTime:0.001000s ]
INFO: [ view_filter ] --END-- [ RunTime:0.001000s ]
INFO: [ app_end ] --START--
INFO: Run Behavior\ShowPageTraceBehavior [ RunTime:0.001000s ]
INFO: [ app_end ] --END-- [ RunTime:0.001000s ]

[ 2018-12-11T16:40:10+08:00 ] 127.0.0.1 /index.php/Home/index/register.html
INFO: [ app_init ] --START--
INFO: Run Behavior\BuildLiteBehavior [ RunTime:0.000000s ]
INFO: [ app_init ] --END-- [ RunTime:0.001000s ]
INFO: [ app_begin ] --START--
INFO: Run Behavior\ReadHtmlCacheBehavior [ RunTime:0.000000s ]
INFO: [ app_begin ] --END-- [ RunTime:0.001000s ]
INFO: [ view_parse ] --START--
INFO: [ template_filter ] --START--
INFO: Run Behavior\ContentReplaceBehavior [ RunTime:0.000000s ]
INFO: [ template_filter ] --END-- [ RunTime:0.000000s ]
NOTIC: [2] include(server.php): failed to open stream: No such file or directory D:\webroot\regis\Application\Runtime\Cache\Home\e2f1e8739761dd1b07196da7c9136d50.php 第 1 行.
NOTIC: [2] include(server.php): failed to open stream: No such file or directory D:\webroot\regis\Application\Runtime\Cache\Home\e2f1e8739761dd1b07196da7c9136d50.php 第 1 行.
NOTIC: [2] include(): Failed opening 'server.php' for inclusion (include_path='.;C:\php\pear') D:\webroot\regis\Application\Runtime\Cache\Home\e2f1e8739761dd1b07196da7c9136d50.php 第 1 行.
NOTIC: [2] include(errors.php): failed to open stream: No such file or directory D:\webroot\regis\Application\Runtime\Cache\Home\e2f1e8739761dd1b07196da7c9136d50.php 第 14 行.
NOTIC: [2] include(errors.php): failed to open stream: No such file or directory D:\webroot\regis\Application\Runtime\Cache\Home\e2f1e8739761dd1b07196da7c9136d50.php 第 14 行.
NOTIC: [2] include(): Failed opening 'errors.php' for inclusion (include_path='.;C:\php\pear') D:\webroot\regis\Application\Runtime\Cache\Home\e2f1e8739761dd1b07196da7c9136d50.php 第 14 行.
NOTIC: [8] Undefined variable: username D:\webroot\regis\Application\Runtime\Cache\Home\e2f1e8739761dd1b07196da7c9136d50.php 第 17 行.
INFO: Run Behavior\ParseTemplateBehavior [ RunTime:0.007000s ]
INFO: [ view_parse ] --END-- [ RunTime:0.007000s ]
INFO: [ view_filter ] --START--
INFO: Run Behavior\WriteHtmlCacheBehavior [ RunTime:0.001000s ]
INFO: [ view_filter ] --END-- [ RunTime:0.001000s ]
INFO: [ app_end ] --START--
INFO: Run Behavior\ShowPageTraceBehavior [ RunTime:0.001000s ]
INFO: [ app_end ] --END-- [ RunTime:0.001000s ]

[ 2018-12-11T16:40:11+08:00 ] 127.0.0.1 /index.php/Home/index/register.html
INFO: [ app_init ] --START--
INFO: Run Behavior\BuildLiteBehavior [ RunTime:0.000000s ]
INFO: [ app_init ] --END-- [ RunTime:0.001000s ]
INFO: [ app_begin ] --START--
INFO: Run Behavior\ReadHtmlCacheBehavior [ RunTime:0.001000s ]
INFO: [ app_begin ] --END-- [ RunTime:0.001000s ]
INFO: [ view_parse ] --START--
INFO: [ template_filter ] --START--
INFO: Run Behavior\ContentReplaceBehavior [ RunTime:0.000000s ]
INFO: [ template_filter ] --END-- [ RunTime:0.000000s ]
NOTIC: [2] include(server.php): failed to open stream: No such file or directory D:\webroot\regis\Application\Runtime\Cache\Home\e2f1e8739761dd1b07196da7c9136d50.php 第 1 行.
NOTIC: [2] include(server.php): failed to open stream: No such file or directory D:\webroot\regis\Application\Runtime\Cache\Home\e2f1e8739761dd1b07196da7c9136d50.php 第 1 行.
NOTIC: [2] include(): Failed opening 'server.php' for inclusion (include_path='.;C:\php\pear') D:\webroot\regis\Application\Runtime\Cache\Home\e2f1e8739761dd1b07196da7c9136d50.php 第 1 行.
NOTIC: [2] include(errors.php): failed to open stream: No such file or directory D:\webroot\regis\Application\Runtime\Cache\Home\e2f1e8739761dd1b07196da7c9136d50.php 第 14 行.
NOTIC: [2] include(errors.php): failed to open stream: No such file or directory D:\webroot\regis\Application\Runtime\Cache\Home\e2f1e8739761dd1b07196da7c9136d50.php 第 14 行.
NOTIC: [2] include(): Failed opening 'errors.php' for inclusion (include_path='.;C:\php\pear') D:\webroot\regis\Application\Runtime\Cache\Home\e2f1e8739761dd1b07196da7c9136d50.php 第 14 行.
NOTIC: [8] Undefined variable: username D:\webroot\regis\Application\Runtime\Cache\Home\e2f1e8739761dd1b07196da7c9136d50.php 第 17 行.
INFO: Run Behavior\ParseTemplateBehavior [ RunTime:0.007000s ]
INFO: [ view_parse ] --END-- [ RunTime:0.007000s ]
INFO: [ view_filter ] --START--
INFO: Run Behavior\WriteHtmlCacheBehavior [ RunTime:0.001001s ]
INFO: [ view_filter ] --END-- [ RunTime:0.001001s ]
INFO: [ app_end ] --START--
INFO: Run Behavior\ShowPageTraceBehavior [ RunTime:0.001000s ]
INFO: [ app_end ] --END-- [ RunTime:0.001000s ]

[ 2018-12-11T16:40:12+08:00 ] 127.0.0.1 /index.php/Home/index/register.html
INFO: [ app_init ] --START--
INFO: Run Behavior\BuildLiteBehavior [ RunTime:0.001000s ]
INFO: [ app_init ] --END-- [ RunTime:0.001000s ]
INFO: [ app_begin ] --START--
INFO: Run Behavior\ReadHtmlCacheBehavior [ RunTime:0.001000s ]
INFO: [ app_begin ] --END-- [ RunTime:0.001000s ]
INFO: [ view_parse ] --START--
INFO: [ template_filter ] --START--
INFO: Run Behavior\ContentReplaceBehavior [ RunTime:0.000000s ]
INFO: [ template_filter ] --END-- [ RunTime:0.000000s ]
NOTIC: [2] include(server.php): failed to open stream: No such file or directory D:\webroot\regis\Application\Runtime\Cache\Home\e2f1e8739761dd1b07196da7c9136d50.php 第 1 行.
NOTIC: [2] include(server.php): failed to open stream: No such file or directory D:\webroot\regis\Application\Runtime\Cache\Home\e2f1e8739761dd1b07196da7c9136d50.php 第 1 行.
NOTIC: [2] include(): Failed opening 'server.php' for inclusion (include_path='.;C:\php\pear') D:\webroot\regis\Application\Runtime\Cache\Home\e2f1e8739761dd1b07196da7c9136d50.php 第 1 行.
NOTIC: [2] include(errors.php): failed to open stream: No such file or directory D:\webroot\regis\Application\Runtime\Cache\Home\e2f1e8739761dd1b07196da7c9136d50.php 第 14 行.
NOTIC: [2] include(errors.php): failed to open stream: No such file or directory D:\webroot\regis\Application\Runtime\Cache\Home\e2f1e8739761dd1b07196da7c9136d50.php 第 14 行.
NOTIC: [2] include(): Failed opening 'errors.php' for inclusion (include_path='.;C:\php\pear') D:\webroot\regis\Application\Runtime\Cache\Home\e2f1e8739761dd1b07196da7c9136d50.php 第 14 行.
NOTIC: [8] Undefined variable: username D:\webroot\regis\Application\Runtime\Cache\Home\e2f1e8739761dd1b07196da7c9136d50.php 第 17 行.
INFO: Run Behavior\ParseTemplateBehavior [ RunTime:0.007001s ]
INFO: [ view_parse ] --END-- [ RunTime:0.007001s ]
INFO: [ view_filter ] --START--
INFO: Run Behavior\WriteHtmlCacheBehavior [ RunTime:0.001000s ]
INFO: [ view_filter ] --END-- [ RunTime:0.001000s ]
INFO: [ app_end ] --START--
INFO: Run Behavior\ShowPageTraceBehavior [ RunTime:0.001000s ]
INFO: [ app_end ] --END-- [ RunTime:0.001000s ]

[ 2018-12-11T16:40:12+08:00 ] 127.0.0.1 /index.php/Home/index/register.html
INFO: [ app_init ] --START--
INFO: Run Behavior\BuildLiteBehavior [ RunTime:0.000000s ]
INFO: [ app_init ] --END-- [ RunTime:0.001000s ]
INFO: [ app_begin ] --START--
INFO: Run Behavior\ReadHtmlCacheBehavior [ RunTime:0.001000s ]
INFO: [ app_begin ] --END-- [ RunTime:0.001000s ]
INFO: [ view_parse ] --START--
INFO: [ template_filter ] --START--
INFO: Run Behavior\ContentReplaceBehavior [ RunTime:0.000000s ]
INFO: [ template_filter ] --END-- [ RunTime:0.000000s ]
NOTIC: [2] include(server.php): failed to open stream: No such file or directory D:\webroot\regis\Application\Runtime\Cache\Home\e2f1e8739761dd1b07196da7c9136d50.php 第 1 行.
NOTIC: [2] include(server.php): failed to open stream: No such file or directory D:\webroot\regis\Application\Runtime\Cache\Home\e2f1e8739761dd1b07196da7c9136d50.php 第 1 行.
NOTIC: [2] include(): Failed opening 'server.php' for inclusion (include_path='.;C:\php\pear') D:\webroot\regis\Application\Runtime\Cache\Home\e2f1e8739761dd1b07196da7c9136d50.php 第 1 行.
NOTIC: [2] include(errors.php): failed to open stream: No such file or directory D:\webroot\regis\Application\Runtime\Cache\Home\e2f1e8739761dd1b07196da7c9136d50.php 第 14 行.
NOTIC: [2] include(errors.php): failed to open stream: No such file or directory D:\webroot\regis\Application\Runtime\Cache\Home\e2f1e8739761dd1b07196da7c9136d50.php 第 14 行.
NOTIC: [2] include(): Failed opening 'errors.php' for inclusion (include_path='.;C:\php\pear') D:\webroot\regis\Application\Runtime\Cache\Home\e2f1e8739761dd1b07196da7c9136d50.php 第 14 行.
NOTIC: [8] Undefined variable: username D:\webroot\regis\Application\Runtime\Cache\Home\e2f1e8739761dd1b07196da7c9136d50.php 第 17 行.
INFO: Run Behavior\ParseTemplateBehavior [ RunTime:0.008000s ]
INFO: [ view_parse ] --END-- [ RunTime:0.008000s ]
INFO: [ view_filter ] --START--
INFO: Run Behavior\WriteHtmlCacheBehavior [ RunTime:0.000000s ]
INFO: [ view_filter ] --END-- [ RunTime:0.000000s ]
INFO: [ app_end ] --START--
INFO: Run Behavior\ShowPageTraceBehavior [ RunTime:0.001000s ]
INFO: [ app_end ] --END-- [ RunTime:0.001000s ]

[ 2018-12-11T16:40:13+08:00 ] 127.0.0.1 /index.php/Home/index/register.html
INFO: [ app_init ] --START--
INFO: Run Behavior\BuildLiteBehavior [ RunTime:0.000000s ]
INFO: [ app_init ] --END-- [ RunTime:0.001001s ]
INFO: [ app_begin ] --START--
INFO: Run Behavior\ReadHtmlCacheBehavior [ RunTime:0.001000s ]
INFO: [ app_begin ] --END-- [ RunTime:0.001000s ]
INFO: [ view_parse ] --START--
INFO: [ template_filter ] --START--
INFO: Run Behavior\ContentReplaceBehavior [ RunTime:0.000000s ]
INFO: [ template_filter ] --END-- [ RunTime:0.000000s ]
NOTIC: [2] include(server.php): failed to open stream: No such file or directory D:\webroot\regis\Application\Runtime\Cache\Home\e2f1e8739761dd1b07196da7c9136d50.php 第 1 行.
NOTIC: [2] include(server.php): failed to open stream: No such file or directory D:\webroot\regis\Application\Runtime\Cache\Home\e2f1e8739761dd1b07196da7c9136d50.php 第 1 行.
NOTIC: [2] include(): Failed opening 'server.php' for inclusion (include_path='.;C:\php\pear') D:\webroot\regis\Application\Runtime\Cache\Home\e2f1e8739761dd1b07196da7c9136d50.php 第 1 行.
NOTIC: [2] include(errors.php): failed to open stream: No such file or directory D:\webroot\regis\Application\Runtime\Cache\Home\e2f1e8739761dd1b07196da7c9136d50.php 第 14 行.
NOTIC: [2] include(errors.php): failed to open stream: No such file or directory D:\webroot\regis\Application\Runtime\Cache\Home\e2f1e8739761dd1b07196da7c9136d50.php 第 14 行.
NOTIC: [2] include(): Failed opening 'errors.php' for inclusion (include_path='.;C:\php\pear') D:\webroot\regis\Application\Runtime\Cache\Home\e2f1e8739761dd1b07196da7c9136d50.php 第 14 行.
NOTIC: [8] Undefined variable: username D:\webroot\regis\Application\Runtime\Cache\Home\e2f1e8739761dd1b07196da7c9136d50.php 第 17 行.
INFO: Run Behavior\ParseTemplateBehavior [ RunTime:0.008000s ]
INFO: [ view_parse ] --END-- [ RunTime:0.008000s ]
INFO: [ view_filter ] --START--
INFO: Run Behavior\WriteHtmlCacheBehavior [ RunTime:0.001000s ]
INFO: [ view_filter ] --END-- [ RunTime:0.001000s ]
INFO: [ app_end ] --START--
INFO: Run Behavior\ShowPageTraceBehavior [ RunTime:0.001000s ]
INFO: [ app_end ] --END-- [ RunTime:0.001000s ]

[ 2018-12-11T16:40:13+08:00 ] 127.0.0.1 /index.php/Home/index/register.html
INFO: [ app_init ] --START--
INFO: Run Behavior\BuildLiteBehavior [ RunTime:0.000000s ]
INFO: [ app_init ] --END-- [ RunTime:0.000000s ]
INFO: [ app_begin ] --START--
INFO: Run Behavior\ReadHtmlCacheBehavior [ RunTime:0.001000s ]
INFO: [ app_begin ] --END-- [ RunTime:0.001000s ]
INFO: [ view_parse ] --START--
INFO: [ template_filter ] --START--
INFO: Run Behavior\ContentReplaceBehavior [ RunTime:0.000000s ]
INFO: [ template_filter ] --END-- [ RunTime:0.000000s ]
NOTIC: [2] include(server.php): failed to open stream: No such file or directory D:\webroot\regis\Application\Runtime\Cache\Home\e2f1e8739761dd1b07196da7c9136d50.php 第 1 行.
NOTIC: [2] include(server.php): failed to open stream: No such file or directory D:\webroot\regis\Application\Runtime\Cache\Home\e2f1e8739761dd1b07196da7c9136d50.php 第 1 行.
NOTIC: [2] include(): Failed opening 'server.php' for inclusion (include_path='.;C:\php\pear') D:\webroot\regis\Application\Runtime\Cache\Home\e2f1e8739761dd1b07196da7c9136d50.php 第 1 行.
NOTIC: [2] include(errors.php): failed to open stream: No such file or directory D:\webroot\regis\Application\Runtime\Cache\Home\e2f1e8739761dd1b07196da7c9136d50.php 第 14 行.
NOTIC: [2] include(errors.php): failed to open stream: No such file or directory D:\webroot\regis\Application\Runtime\Cache\Home\e2f1e8739761dd1b07196da7c9136d50.php 第 14 行.
NOTIC: [2] include(): Failed opening 'errors.php' for inclusion (include_path='.;C:\php\pear') D:\webroot\regis\Application\Runtime\Cache\Home\e2f1e8739761dd1b07196da7c9136d50.php 第 14 行.
NOTIC: [8] Undefined variable: username D:\webroot\regis\Application\Runtime\Cache\Home\e2f1e8739761dd1b07196da7c9136d50.php 第 17 行.
INFO: Run Behavior\ParseTemplateBehavior [ RunTime:0.007001s ]
INFO: [ view_parse ] --END-- [ RunTime:0.007001s ]
INFO: [ view_filter ] --START--
INFO: Run Behavior\WriteHtmlCacheBehavior [ RunTime:0.001000s ]
INFO: [ view_filter ] --END-- [ RunTime:0.001000s ]
INFO: [ app_end ] --START--
INFO: Run Behavior\ShowPageTraceBehavior [ RunTime:0.001000s ]
INFO: [ app_end ] --END-- [ RunTime:0.001000s ]

[ 2018-12-11T16:40:13+08:00 ] 127.0.0.1 /index.php/Home/index/register.html
INFO: [ app_init ] --START--
INFO: Run Behavior\BuildLiteBehavior [ RunTime:0.000000s ]
INFO: [ app_init ] --END-- [ RunTime:0.001000s ]
INFO: [ app_begin ] --START--
INFO: Run Behavior\ReadHtmlCacheBehavior [ RunTime:0.001000s ]
INFO: [ app_begin ] --END-- [ RunTime:0.001000s ]
INFO: [ view_parse ] --START--
INFO: [ template_filter ] --START--
INFO: Run Behavior\ContentReplaceBehavior [ RunTime:0.000000s ]
INFO: [ template_filter ] --END-- [ RunTime:0.000000s ]
NOTIC: [2] include(server.php): failed to open stream: No such file or directory D:\webroot\regis\Application\Runtime\Cache\Home\e2f1e8739761dd1b07196da7c9136d50.php 第 1 行.
NOTIC: [2] include(server.php): failed to open stream: No such file or directory D:\webroot\regis\Application\Runtime\Cache\Home\e2f1e8739761dd1b07196da7c9136d50.php 第 1 行.
NOTIC: [2] include(): Failed opening 'server.php' for inclusion (include_path='.;C:\php\pear') D:\webroot\regis\Application\Runtime\Cache\Home\e2f1e8739761dd1b07196da7c9136d50.php 第 1 行.
NOTIC: [2] include(errors.php): failed to open stream: No such file or directory D:\webroot\regis\Application\Runtime\Cache\Home\e2f1e8739761dd1b07196da7c9136d50.php 第 14 行.
NOTIC: [2] include(errors.php): failed to open stream: No such file or directory D:\webroot\regis\Application\Runtime\Cache\Home\e2f1e8739761dd1b07196da7c9136d50.php 第 14 行.
NOTIC: [2] include(): Failed opening 'errors.php' for inclusion (include_path='.;C:\php\pear') D:\webroot\regis\Application\Runtime\Cache\Home\e2f1e8739761dd1b07196da7c9136d50.php 第 14 行.
NOTIC: [8] Undefined variable: username D:\webroot\regis\Application\Runtime\Cache\Home\e2f1e8739761dd1b07196da7c9136d50.php 第 17 行.
INFO: Run Behavior\ParseTemplateBehavior [ RunTime:0.008000s ]
INFO: [ view_parse ] --END-- [ RunTime:0.008000s ]
INFO: [ view_filter ] --START--
INFO: Run Behavior\WriteHtmlCacheBehavior [ RunTime:0.001000s ]
INFO: [ view_filter ] --END-- [ RunTime:0.001000s ]
INFO: [ app_end ] --START--
INFO: Run Behavior\ShowPageTraceBehavior [ RunTime:0.001000s ]
INFO: [ app_end ] --END-- [ RunTime:0.001000s ]

[ 2018-12-11T16:40:14+08:00 ] 127.0.0.1 /index.php/Home/index/register.html
INFO: [ app_init ] --START--
INFO: Run Behavior\BuildLiteBehavior [ RunTime:0.000000s ]
INFO: [ app_init ] --END-- [ RunTime:0.001000s ]
INFO: [ app_begin ] --START--
INFO: Run Behavior\ReadHtmlCacheBehavior [ RunTime:0.001000s ]
INFO: [ app_begin ] --END-- [ RunTime:0.001000s ]
INFO: [ view_parse ] --START--
INFO: [ template_filter ] --START--
INFO: Run Behavior\ContentReplaceBehavior [ RunTime:0.000000s ]
INFO: [ template_filter ] --END-- [ RunTime:0.000000s ]
NOTIC: [2] include(server.php): failed to open stream: No such file or directory D:\webroot\regis\Application\Runtime\Cache\Home\e2f1e8739761dd1b07196da7c9136d50.php 第 1 行.
NOTIC: [2] include(server.php): failed to open stream: No such file or directory D:\webroot\regis\Application\Runtime\Cache\Home\e2f1e8739761dd1b07196da7c9136d50.php 第 1 行.
NOTIC: [2] include(): Failed opening 'server.php' for inclusion (include_path='.;C:\php\pear') D:\webroot\regis\Application\Runtime\Cache\Home\e2f1e8739761dd1b07196da7c9136d50.php 第 1 行.
NOTIC: [2] include(errors.php): failed to open stream: No such file or directory D:\webroot\regis\Application\Runtime\Cache\Home\e2f1e8739761dd1b07196da7c9136d50.php 第 14 行.
NOTIC: [2] include(errors.php): failed to open stream: No such file or directory D:\webroot\regis\Application\Runtime\Cache\Home\e2f1e8739761dd1b07196da7c9136d50.php 第 14 行.
NOTIC: [2] include(): Failed opening 'errors.php' for inclusion (include_path='.;C:\php\pear') D:\webroot\regis\Application\Runtime\Cache\Home\e2f1e8739761dd1b07196da7c9136d50.php 第 14 行.
NOTIC: [8] Undefined variable: username D:\webroot\regis\Application\Runtime\Cache\Home\e2f1e8739761dd1b07196da7c9136d50.php 第 17 行.
INFO: Run Behavior\ParseTemplateBehavior [ RunTime:0.007001s ]
INFO: [ view_parse ] --END-- [ RunTime:0.007001s ]
INFO: [ view_filter ] --START--
INFO: Run Behavior\WriteHtmlCacheBehavior [ RunTime:0.001000s ]
INFO: [ view_filter ] --END-- [ RunTime:0.001000s ]
INFO: [ app_end ] --START--
INFO: Run Behavior\ShowPageTraceBehavior [ RunTime:0.001000s ]
INFO: [ app_end ] --END-- [ RunTime:0.001000s ]

[ 2018-12-11T16:40:14+08:00 ] 127.0.0.1 /index.php/Home/index/register.html
INFO: [ app_init ] --START--
INFO: Run Behavior\BuildLiteBehavior [ RunTime:0.000000s ]
INFO: [ app_init ] --END-- [ RunTime:0.000000s ]
INFO: [ app_begin ] --START--
INFO: Run Behavior\ReadHtmlCacheBehavior [ RunTime:0.001000s ]
INFO: [ app_begin ] --END-- [ RunTime:0.001000s ]
INFO: [ view_parse ] --START--
INFO: [ template_filter ] --START--
INFO: Run Behavior\ContentReplaceBehavior [ RunTime:0.000000s ]
INFO: [ template_filter ] --END-- [ RunTime:0.000000s ]
NOTIC: [2] include(server.php): failed to open stream: No such file or directory D:\webroot\regis\Application\Runtime\Cache\Home\e2f1e8739761dd1b07196da7c9136d50.php 第 1 行.
NOTIC: [2] include(server.php): failed to open stream: No such file or directory D:\webroot\regis\Application\Runtime\Cache\Home\e2f1e8739761dd1b07196da7c9136d50.php 第 1 行.
NOTIC: [2] include(): Failed opening 'server.php' for inclusion (include_path='.;C:\php\pear') D:\webroot\regis\Application\Runtime\Cache\Home\e2f1e8739761dd1b07196da7c9136d50.php 第 1 行.
NOTIC: [2] include(errors.php): failed to open stream: No such file or directory D:\webroot\regis\Application\Runtime\Cache\Home\e2f1e8739761dd1b07196da7c9136d50.php 第 14 行.
NOTIC: [2] include(errors.php): failed to open stream: No such file or directory D:\webroot\regis\Application\Runtime\Cache\Home\e2f1e8739761dd1b07196da7c9136d50.php 第 14 行.
NOTIC: [2] include(): Failed opening 'errors.php' for inclusion (include_path='.;C:\php\pear') D:\webroot\regis\Application\Runtime\Cache\Home\e2f1e8739761dd1b07196da7c9136d50.php 第 14 行.
NOTIC: [8] Undefined variable: username D:\webroot\regis\Application\Runtime\Cache\Home\e2f1e8739761dd1b07196da7c9136d50.php 第 17 行.
INFO: Run Behavior\ParseTemplateBehavior [ RunTime:0.007000s ]
INFO: [ view_parse ] --END-- [ RunTime:0.007000s ]
INFO: [ view_filter ] --START--
INFO: Run Behavior\WriteHtmlCacheBehavior [ RunTime:0.001000s ]
INFO: [ view_filter ] --END-- [ RunTime:0.001000s ]
INFO: [ app_end ] --START--
INFO: Run Behavior\ShowPageTraceBehavior [ RunTime:0.001000s ]
INFO: [ app_end ] --END-- [ RunTime:0.001000s ]

[ 2018-12-11T16:40:14+08:00 ] 127.0.0.1 /index.php/Home/index/register.html
INFO: [ app_init ] --START--
INFO: Run Behavior\BuildLiteBehavior [ RunTime:0.000000s ]
INFO: [ app_init ] --END-- [ RunTime:0.002000s ]
INFO: [ app_begin ] --START--
INFO: Run Behavior\ReadHtmlCacheBehavior [ RunTime:0.001000s ]
INFO: [ app_begin ] --END-- [ RunTime:0.002000s ]
INFO: [ view_parse ] --START--
INFO: [ template_filter ] --START--
INFO: Run Behavior\ContentReplaceBehavior [ RunTime:0.000000s ]
INFO: [ template_filter ] --END-- [ RunTime:0.000000s ]
NOTIC: [2] include(server.php): failed to open stream: No such file or directory D:\webroot\regis\Application\Runtime\Cache\Home\e2f1e8739761dd1b07196da7c9136d50.php 第 1 行.
NOTIC: [2] include(server.php): failed to open stream: No such file or directory D:\webroot\regis\Application\Runtime\Cache\Home\e2f1e8739761dd1b07196da7c9136d50.php 第 1 行.
NOTIC: [2] include(): Failed opening 'server.php' for inclusion (include_path='.;C:\php\pear') D:\webroot\regis\Application\Runtime\Cache\Home\e2f1e8739761dd1b07196da7c9136d50.php 第 1 行.
NOTIC: [2] include(errors.php): failed to open stream: No such file or directory D:\webroot\regis\Application\Runtime\Cache\Home\e2f1e8739761dd1b07196da7c9136d50.php 第 14 行.
NOTIC: [2] include(errors.php): failed to open stream: No such file or directory D:\webroot\regis\Application\Runtime\Cache\Home\e2f1e8739761dd1b07196da7c9136d50.php 第 14 行.
NOTIC: [2] include(): Failed opening 'errors.php' for inclusion (include_path='.;C:\php\pear') D:\webroot\regis\Application\Runtime\Cache\Home\e2f1e8739761dd1b07196da7c9136d50.php 第 14 行.
NOTIC: [8] Undefined variable: username D:\webroot\regis\Application\Runtime\Cache\Home\e2f1e8739761dd1b07196da7c9136d50.php 第 17 行.
INFO: Run Behavior\ParseTemplateBehavior [ RunTime:0.007000s ]
INFO: [ view_parse ] --END-- [ RunTime:0.007000s ]
INFO: [ view_filter ] --START--
INFO: Run Behavior\WriteHtmlCacheBehavior [ RunTime:0.001001s ]
INFO: [ view_filter ] --END-- [ RunTime:0.001001s ]
INFO: [ app_end ] --START--
INFO: Run Behavior\ShowPageTraceBehavior [ RunTime:0.001000s ]
INFO: [ app_end ] --END-- [ RunTime:0.001000s ]

[ 2018-12-11T16:40:16+08:00 ] 127.0.0.1 /index.php/Home/index/register.html
INFO: [ app_init ] --START--
INFO: Run Behavior\BuildLiteBehavior [ RunTime:0.000000s ]
INFO: [ app_init ] --END-- [ RunTime:0.001000s ]
INFO: [ app_begin ] --START--
INFO: Run Behavior\ReadHtmlCacheBehavior [ RunTime:0.001000s ]
INFO: [ app_begin ] --END-- [ RunTime:0.001000s ]
INFO: [ view_parse ] --START--
INFO: [ template_filter ] --START--
INFO: Run Behavior\ContentReplaceBehavior [ RunTime:0.000000s ]
INFO: [ template_filter ] --END-- [ RunTime:0.000000s ]
NOTIC: [2] include(server.php): failed to open stream: No such file or directory D:\webroot\regis\Application\Runtime\Cache\Home\e2f1e8739761dd1b07196da7c9136d50.php 第 1 行.
NOTIC: [2] include(server.php): failed to open stream: No such file or directory D:\webroot\regis\Application\Runtime\Cache\Home\e2f1e8739761dd1b07196da7c9136d50.php 第 1 行.
NOTIC: [2] include(): Failed opening 'server.php' for inclusion (include_path='.;C:\php\pear') D:\webroot\regis\Application\Runtime\Cache\Home\e2f1e8739761dd1b07196da7c9136d50.php 第 1 行.
NOTIC: [2] include(errors.php): failed to open stream: No such file or directory D:\webroot\regis\Application\Runtime\Cache\Home\e2f1e8739761dd1b07196da7c9136d50.php 第 14 行.
NOTIC: [2] include(errors.php): failed to open stream: No such file or directory D:\webroot\regis\Application\Runtime\Cache\Home\e2f1e8739761dd1b07196da7c9136d50.php 第 14 行.
NOTIC: [2] include(): Failed opening 'errors.php' for inclusion (include_path='.;C:\php\pear') D:\webroot\regis\Application\Runtime\Cache\Home\e2f1e8739761dd1b07196da7c9136d50.php 第 14 行.
NOTIC: [8] Undefined variable: username D:\webroot\regis\Application\Runtime\Cache\Home\e2f1e8739761dd1b07196da7c9136d50.php 第 17 行.
INFO: Run Behavior\ParseTemplateBehavior [ RunTime:0.007000s ]
INFO: [ view_parse ] --END-- [ RunTime:0.007000s ]
INFO: [ view_filter ] --START--
INFO: Run Behavior\WriteHtmlCacheBehavior [ RunTime:0.001000s ]
INFO: [ view_filter ] --END-- [ RunTime:0.001000s ]
INFO: [ app_end ] --START--
INFO: Run Behavior\ShowPageTraceBehavior [ RunTime:0.001001s ]
INFO: [ app_end ] --END-- [ RunTime:0.001001s ]

[ 2018-12-11T16:40:17+08:00 ] 127.0.0.1 /index.php/Home/index/register.html
INFO: [ app_init ] --START--
INFO: Run Behavior\BuildLiteBehavior [ RunTime:0.000000s ]
INFO: [ app_init ] --END-- [ RunTime:0.001000s ]
INFO: [ app_begin ] --START--
INFO: Run Behavior\ReadHtmlCacheBehavior [ RunTime:0.001000s ]
INFO: [ app_begin ] --END-- [ RunTime:0.001000s ]
INFO: [ view_parse ] --START--
INFO: [ template_filter ] --START--
INFO: Run Behavior\ContentReplaceBehavior [ RunTime:0.000000s ]
INFO: [ template_filter ] --END-- [ RunTime:0.000000s ]
NOTIC: [2] include(server.php): failed to open stream: No such file or directory D:\webroot\regis\Application\Runtime\Cache\Home\e2f1e8739761dd1b07196da7c9136d50.php 第 1 行.
NOTIC: [2] include(server.php): failed to open stream: No such file or directory D:\webroot\regis\Application\Runtime\Cache\Home\e2f1e8739761dd1b07196da7c9136d50.php 第 1 行.
NOTIC: [2] include(): Failed opening 'server.php' for inclusion (include_path='.;C:\php\pear') D:\webroot\regis\Application\Runtime\Cache\Home\e2f1e8739761dd1b07196da7c9136d50.php 第 1 行.
NOTIC: [2] include(errors.php): failed to open stream: No such file or directory D:\webroot\regis\Application\Runtime\Cache\Home\e2f1e8739761dd1b07196da7c9136d50.php 第 14 行.
NOTIC: [2] include(errors.php): failed to open stream: No such file or directory D:\webroot\regis\Application\Runtime\Cache\Home\e2f1e8739761dd1b07196da7c9136d50.php 第 14 行.
NOTIC: [2] include(): Failed opening 'errors.php' for inclusion (include_path='.;C:\php\pear') D:\webroot\regis\Application\Runtime\Cache\Home\e2f1e8739761dd1b07196da7c9136d50.php 第 14 行.
NOTIC: [8] Undefined variable: username D:\webroot\regis\Application\Runtime\Cache\Home\e2f1e8739761dd1b07196da7c9136d50.php 第 17 行.
INFO: Run Behavior\ParseTemplateBehavior [ RunTime:0.008000s ]
INFO: [ view_parse ] --END-- [ RunTime:0.008000s ]
INFO: [ view_filter ] --START--
INFO: Run Behavior\WriteHtmlCacheBehavior [ RunTime:0.000000s ]
INFO: [ view_filter ] --END-- [ RunTime:0.000000s ]
INFO: [ app_end ] --START--
INFO: Run Behavior\ShowPageTraceBehavior [ RunTime:0.001000s ]
INFO: [ app_end ] --END-- [ RunTime:0.001000s ]

[ 2018-12-11T16:40:18+08:00 ] 127.0.0.1 /index.php/Home/index/register.html
INFO: [ app_init ] --START--
INFO: Run Behavior\BuildLiteBehavior [ RunTime:0.000000s ]
INFO: [ app_init ] --END-- [ RunTime:0.001000s ]
INFO: [ app_begin ] --START--
INFO: Run Behavior\ReadHtmlCacheBehavior [ RunTime:0.001000s ]
INFO: [ app_begin ] --END-- [ RunTime:0.001000s ]
INFO: [ view_parse ] --START--
INFO: [ template_filter ] --START--
INFO: Run Behavior\ContentReplaceBehavior [ RunTime:0.000000s ]
INFO: [ template_filter ] --END-- [ RunTime:0.000000s ]
NOTIC: [2] include(server.php): failed to open stream: No such file or directory D:\webroot\regis\Application\Runtime\Cache\Home\e2f1e8739761dd1b07196da7c9136d50.php 第 1 行.
NOTIC: [2] include(server.php): failed to open stream: No such file or directory D:\webroot\regis\Application\Runtime\Cache\Home\e2f1e8739761dd1b07196da7c9136d50.php 第 1 行.
NOTIC: [2] include(): Failed opening 'server.php' for inclusion (include_path='.;C:\php\pear') D:\webroot\regis\Application\Runtime\Cache\Home\e2f1e8739761dd1b07196da7c9136d50.php 第 1 行.
NOTIC: [2] include(errors.php): failed to open stream: No such file or directory D:\webroot\regis\Application\Runtime\Cache\Home\e2f1e8739761dd1b07196da7c9136d50.php 第 14 行.
NOTIC: [2] include(errors.php): failed to open stream: No such file or directory D:\webroot\regis\Application\Runtime\Cache\Home\e2f1e8739761dd1b07196da7c9136d50.php 第 14 行.
NOTIC: [2] include(): Failed opening 'errors.php' for inclusion (include_path='.;C:\php\pear') D:\webroot\regis\Application\Runtime\Cache\Home\e2f1e8739761dd1b07196da7c9136d50.php 第 14 行.
NOTIC: [8] Undefined variable: username D:\webroot\regis\Application\Runtime\Cache\Home\e2f1e8739761dd1b07196da7c9136d50.php 第 17 行.
INFO: Run Behavior\ParseTemplateBehavior [ RunTime:0.008000s ]
INFO: [ view_parse ] --END-- [ RunTime:0.008000s ]
INFO: [ view_filter ] --START--
INFO: Run Behavior\WriteHtmlCacheBehavior [ RunTime:0.001000s ]
INFO: [ view_filter ] --END-- [ RunTime:0.001000s ]
INFO: [ app_end ] --START--
INFO: Run Behavior\ShowPageTraceBehavior [ RunTime:0.001000s ]
INFO: [ app_end ] --END-- [ RunTime:0.001000s ]

[ 2018-12-11T17:08:06+08:00 ] 127.0.0.1 /index.php/Home/index/test
INFO: [ app_init ] --START--
INFO: Run Behavior\BuildLiteBehavior [ RunTime:0.000000s ]
INFO: [ app_init ] --END-- [ RunTime:0.000000s ]
INFO: [ app_begin ] --START--
INFO: Run Behavior\ReadHtmlCacheBehavior [ RunTime:0.001000s ]
INFO: [ app_begin ] --END-- [ RunTime:0.001000s ]
INFO: [ view_parse ] --START--
INFO: [ template_filter ] --START--
INFO: Run Behavior\ContentReplaceBehavior [ RunTime:0.000000s ]
INFO: [ template_filter ] --END-- [ RunTime:0.000000s ]
NOTIC: [8] A session had already been started - ignoring session_start() D:\webroot\regis\Application\Runtime\Cache\Home\4913b3ab5f520f6dd350e21137b73fb2.php 第 1 行.
INFO: Run Behavior\ParseTemplateBehavior [ RunTime:0.009000s ]
INFO: [ view_parse ] --END-- [ RunTime:0.009000s ]
INFO: [ view_filter ] --START--
INFO: Run Behavior\WriteHtmlCacheBehavior [ RunTime:0.000000s ]
INFO: [ view_filter ] --END-- [ RunTime:0.000000s ]
INFO: [ app_end ] --START--
INFO: Run Behavior\ShowPageTraceBehavior [ RunTime:0.000000s ]
INFO: [ app_end ] --END-- [ RunTime:0.001000s ]

[ 2018-12-11T17:08:09+08:00 ] 127.0.0.1 /index.php/Home/index/test.html?logout=%271%27
INFO: [ app_init ] --START--
INFO: Run Behavior\BuildLiteBehavior [ RunTime:0.000000s ]
INFO: [ app_init ] --END-- [ RunTime:0.001001s ]
INFO: [ app_begin ] --START--
INFO: Run Behavior\ReadHtmlCacheBehavior [ RunTime:0.000000s ]
INFO: [ app_begin ] --END-- [ RunTime:0.000000s ]
INFO: [ view_parse ] --START--
INFO: [ template_filter ] --START--
INFO: Run Behavior\ContentReplaceBehavior [ RunTime:0.000000s ]
INFO: [ template_filter ] --END-- [ RunTime:0.000000s ]
NOTIC: [8] A session had already been started - ignoring session_start() D:\webroot\regis\Application\Runtime\Cache\Home\4913b3ab5f520f6dd350e21137b73fb2.php 第 1 行.
INFO: Run Behavior\ParseTemplateBehavior [ RunTime:0.008000s ]
INFO: [ view_parse ] --END-- [ RunTime:0.008000s ]
INFO: [ view_filter ] --START--
INFO: Run Behavior\WriteHtmlCacheBehavior [ RunTime:0.001000s ]
INFO: [ view_filter ] --END-- [ RunTime:0.001000s ]
INFO: [ app_end ] --START--
INFO: Run Behavior\ShowPageTraceBehavior [ RunTime:0.001000s ]
INFO: [ app_end ] --END-- [ RunTime:0.001000s ]

[ 2018-12-11T17:08:09+08:00 ] 127.0.0.1 /index.php/Home/index/login.html
INFO: [ app_init ] --START--
INFO: Run Behavior\BuildLiteBehavior [ RunTime:0.000000s ]
INFO: [ app_init ] --END-- [ RunTime:0.001001s ]
INFO: [ app_begin ] --START--
INFO: Run Behavior\ReadHtmlCacheBehavior [ RunTime:0.001000s ]
INFO: [ app_begin ] --END-- [ RunTime:0.001000s ]
INFO: [ view_parse ] --START--
INFO: [ template_filter ] --START--
INFO: Run Behavior\ContentReplaceBehavior [ RunTime:0.000000s ]
INFO: [ template_filter ] --END-- [ RunTime:0.000000s ]
NOTIC: [2] include(server.php): failed to open stream: No such file or directory D:\webroot\regis\Application\Runtime\Cache\Home\ccea6a400660ce54d68cab67b9f68781.php 第 1 行.
NOTIC: [2] include(server.php): failed to open stream: No such file or directory D:\webroot\regis\Application\Runtime\Cache\Home\ccea6a400660ce54d68cab67b9f68781.php 第 1 行.
NOTIC: [2] include(): Failed opening 'server.php' for inclusion (include_path='.;C:\php\pear') D:\webroot\regis\Application\Runtime\Cache\Home\ccea6a400660ce54d68cab67b9f68781.php 第 1 行.
NOTIC: [2] include(errors.php): failed to open stream: No such file or directory D:\webroot\regis\Application\Runtime\Cache\Home\ccea6a400660ce54d68cab67b9f68781.php 第 14 行.
NOTIC: [2] include(errors.php): failed to open stream: No such file or directory D:\webroot\regis\Application\Runtime\Cache\Home\ccea6a400660ce54d68cab67b9f68781.php 第 14 行.
NOTIC: [2] include(): Failed opening 'errors.php' for inclusion (include_path='.;C:\php\pear') D:\webroot\regis\Application\Runtime\Cache\Home\ccea6a400660ce54d68cab67b9f68781.php 第 14 行.
INFO: Run Behavior\ParseTemplateBehavior [ RunTime:0.008000s ]
INFO: [ view_parse ] --END-- [ RunTime:0.009000s ]
INFO: [ view_filter ] --START--
INFO: Run Behavior\WriteHtmlCacheBehavior [ RunTime:0.000000s ]
INFO: [ view_filter ] --END-- [ RunTime:0.000000s ]
INFO: [ app_end ] --START--
INFO: Run Behavior\ShowPageTraceBehavior [ RunTime:0.001000s ]
INFO: [ app_end ] --END-- [ RunTime:0.001000s ]

[ 2018-12-11T17:09:49+08:00 ] 127.0.0.1 /index.php/Home/index/clickLoginButoon
INFO: [ app_init ] --START--
INFO: Run Behavior\BuildLiteBehavior [ RunTime:0.000000s ]
INFO: [ app_init ] --END-- [ RunTime:0.001000s ]
INFO: [ app_begin ] --START--
INFO: Run Behavior\ReadHtmlCacheBehavior [ RunTime:0.001000s ]
INFO: [ app_begin ] --END-- [ RunTime:0.001000s ]
ERR: 非法操作:clickLoginButoon

[ 2018-12-11T17:10:00+08:00 ] 127.0.0.1 /index.php/Home/index/clickLoginButton
INFO: [ app_init ] --START--
INFO: Run Behavior\BuildLiteBehavior [ RunTime:0.000000s ]
INFO: [ app_init ] --END-- [ RunTime:0.000000s ]
INFO: [ app_begin ] --START--
INFO: Run Behavior\ReadHtmlCacheBehavior [ RunTime:0.002000s ]
INFO: [ app_begin ] --END-- [ RunTime:0.002000s ]
INFO: [ app_end ] --START--
INFO: Run Behavior\ShowPageTraceBehavior [ RunTime:0.001000s ]
INFO: [ app_end ] --END-- [ RunTime:0.001000s ]

[ 2018-12-11T17:17:57+08:00 ] 127.0.0.1 /index.php/Home/index/clickLoginButton
INFO: [ app_init ] --START--
INFO: Run Behavior\BuildLiteBehavior [ RunTime:0.000000s ]
INFO: [ app_init ] --END-- [ RunTime:0.000000s ]
INFO: [ app_begin ] --START--
INFO: Run Behavior\ReadHtmlCacheBehavior [ RunTime:0.000000s ]
INFO: [ app_begin ] --END-- [ RunTime:0.000000s ]
ERR: 非法操作:clickLoginButton

[ 2018-12-11T17:18:13+08:00 ] 127.0.0.1 /index.php/Home/server/clickLoginButton
INFO: [ app_init ] --START--
INFO: Run Behavior\BuildLiteBehavior [ RunTime:0.000000s ]
INFO: [ app_init ] --END-- [ RunTime:0.001000s ]
INFO: [ app_begin ] --START--
INFO: Run Behavior\ReadHtmlCacheBehavior [ RunTime:0.001000s ]
INFO: [ app_begin ] --END-- [ RunTime:0.001000s ]
ERR: 无法加载控制器:Server

[ 2018-12-11T17:18:58+08:00 ] 127.0.0.1 /index.php/Home/server/clickLoginButton
INFO: [ app_init ] --START--
INFO: Run Behavior\BuildLiteBehavior [ RunTime:0.000000s ]
INFO: [ app_init ] --END-- [ RunTime:0.001000s ]
INFO: [ app_begin ] --START--
INFO: Run Behavior\ReadHtmlCacheBehavior [ RunTime:0.001000s ]
INFO: [ app_begin ] --END-- [ RunTime:0.003000s ]
INFO: [ app_end ] --START--
INFO: Run Behavior\ShowPageTraceBehavior [ RunTime:0.004001s ]
INFO: [ app_end ] --END-- [ RunTime:0.004001s ]

[ 2018-12-11T17:33:23+08:00 ] 127.0.0.1 /index.php/Home/index/register.html
INFO: [ app_init ] --START--
INFO: Run Behavior\BuildLiteBehavior [ RunTime:0.000000s ]
INFO: [ app_init ] --END-- [ RunTime:0.001000s ]
INFO: [ app_begin ] --START--
INFO: Run Behavior\ReadHtmlCacheBehavior [ RunTime:0.002001s ]
INFO: [ app_begin ] --END-- [ RunTime:0.002001s ]
INFO: [ view_parse ] --START--
INFO: [ template_filter ] --START--
INFO: Run Behavior\ContentReplaceBehavior [ RunTime:0.000000s ]
INFO: [ template_filter ] --END-- [ RunTime:0.000000s ]
NOTIC: [2] include(../../Controller/ServerController.class.php): failed to open stream: No such file or directory D:\webroot\regis\Application\Runtime\Cache\Home\e2f1e8739761dd1b07196da7c9136d50.php 第 1 行.
NOTIC: [2] include(../../Controller/ServerController.class.php): failed to open stream: No such file or directory D:\webroot\regis\Application\Runtime\Cache\Home\e2f1e8739761dd1b07196da7c9136d50.php 第 1 行.
NOTIC: [2] include(): Failed opening '../../Controller/ServerController.class.php' for inclusion (include_path='.;C:\php\pear') D:\webroot\regis\Application\Runtime\Cache\Home\e2f1e8739761dd1b07196da7c9136d50.php 第 1 行.
NOTIC: [2] include(errors.php): failed to open stream: No such file or directory D:\webroot\regis\Application\Runtime\Cache\Home\e2f1e8739761dd1b07196da7c9136d50.php 第 14 行.
NOTIC: [2] include(errors.php): failed to open stream: No such file or directory D:\webroot\regis\Application\Runtime\Cache\Home\e2f1e8739761dd1b07196da7c9136d50.php 第 14 行.
NOTIC: [2] include(): Failed opening 'errors.php' for inclusion (include_path='.;C:\php\pear') D:\webroot\regis\Application\Runtime\Cache\Home\e2f1e8739761dd1b07196da7c9136d50.php 第 14 行.
NOTIC: [8] Undefined variable: username D:\webroot\regis\Application\Runtime\Cache\Home\e2f1e8739761dd1b07196da7c9136d50.php 第 17 行.
INFO: Run Behavior\ParseTemplateBehavior [ RunTime:0.022001s ]
INFO: [ view_parse ] --END-- [ RunTime:0.022001s ]
INFO: [ view_filter ] --START--
INFO: Run Behavior\WriteHtmlCacheBehavior [ RunTime:0.000000s ]
INFO: [ view_filter ] --END-- [ RunTime:0.000000s ]
INFO: [ app_end ] --START--
INFO: Run Behavior\ShowPageTraceBehavior [ RunTime:0.001000s ]
INFO: [ app_end ] --END-- [ RunTime:0.001000s ]

[ 2018-12-11T17:33:43+08:00 ] 127.0.0.1 /index.php/Home/index/register.html
INFO: [ app_init ] --START--
INFO: Run Behavior\BuildLiteBehavior [ RunTime:0.000000s ]
INFO: [ app_init ] --END-- [ RunTime:0.001000s ]
INFO: [ app_begin ] --START--
INFO: Run Behavior\ReadHtmlCacheBehavior [ RunTime:0.002000s ]
INFO: [ app_begin ] --END-- [ RunTime:0.002000s ]
INFO: [ view_parse ] --START--
INFO: [ template_filter ] --START--
INFO: Run Behavior\ContentReplaceBehavior [ RunTime:0.000000s ]
INFO: [ template_filter ] --END-- [ RunTime:0.000000s ]
NOTIC: [2] include(../../Controller/ServerController.class.php): failed to open stream: No such file or directory D:\webroot\regis\Application\Runtime\Cache\Home\e2f1e8739761dd1b07196da7c9136d50.php 第 1 行.
NOTIC: [2] include(../../Controller/ServerController.class.php): failed to open stream: No such file or directory D:\webroot\regis\Application\Runtime\Cache\Home\e2f1e8739761dd1b07196da7c9136d50.php 第 1 行.
NOTIC: [2] include(): Failed opening '../../Controller/ServerController.class.php' for inclusion (include_path='.;C:\php\pear') D:\webroot\regis\Application\Runtime\Cache\Home\e2f1e8739761dd1b07196da7c9136d50.php 第 1 行.
NOTIC: [2] include(errors.php): failed to open stream: No such file or directory D:\webroot\regis\Application\Runtime\Cache\Home\e2f1e8739761dd1b07196da7c9136d50.php 第 14 行.
NOTIC: [2] include(errors.php): failed to open stream: No such file or directory D:\webroot\regis\Application\Runtime\Cache\Home\e2f1e8739761dd1b07196da7c9136d50.php 第 14 行.
NOTIC: [2] include(): Failed opening 'errors.php' for inclusion (include_path='.;C:\php\pear') D:\webroot\regis\Application\Runtime\Cache\Home\e2f1e8739761dd1b07196da7c9136d50.php 第 14 行.
NOTIC: [8] Undefined variable: username D:\webroot\regis\Application\Runtime\Cache\Home\e2f1e8739761dd1b07196da7c9136d50.php 第 17 行.
INFO: Run Behavior\ParseTemplateBehavior [ RunTime:0.007000s ]
INFO: [ view_parse ] --END-- [ RunTime:0.007000s ]
INFO: [ view_filter ] --START--
INFO: Run Behavior\WriteHtmlCacheBehavior [ RunTime:0.000000s ]
INFO: [ view_filter ] --END-- [ RunTime:0.000000s ]
INFO: [ app_end ] --START--
INFO: Run Behavior\ShowPageTraceBehavior [ RunTime:0.001000s ]
INFO: [ app_end ] --END-- [ RunTime:0.001000s ]

[ 2018-12-11T17:34:55+08:00 ] 127.0.0.1 /index.php/Home/index/register.html
INFO: [ app_init ] --START--
INFO: Run Behavior\BuildLiteBehavior [ RunTime:0.000000s ]
INFO: [ app_init ] --END-- [ RunTime:0.000000s ]
INFO: [ app_begin ] --START--
INFO: Run Behavior\ReadHtmlCacheBehavior [ RunTime:0.001000s ]
INFO: [ app_begin ] --END-- [ RunTime:0.001000s ]
INFO: [ view_parse ] --START--
INFO: [ template_filter ] --START--
INFO: Run Behavior\ContentReplaceBehavior [ RunTime:0.000000s ]
INFO: [ template_filter ] --END-- [ RunTime:0.000000s ]
NOTIC: [2] include(../../Controller/ServerController.class.php): failed to open stream: No such file or directory D:\webroot\regis\Application\Runtime\Cache\Home\e2f1e8739761dd1b07196da7c9136d50.php 第 1 行.
NOTIC: [2] include(../../Controller/ServerController.class.php): failed to open stream: No such file or directory D:\webroot\regis\Application\Runtime\Cache\Home\e2f1e8739761dd1b07196da7c9136d50.php 第 1 行.
NOTIC: [2] include(): Failed opening '../../Controller/ServerController.class.php' for inclusion (include_path='.;C:\php\pear') D:\webroot\regis\Application\Runtime\Cache\Home\e2f1e8739761dd1b07196da7c9136d50.php 第 1 行.
NOTIC: [2] include(errors.php): failed to open stream: No such file or directory D:\webroot\regis\Application\Runtime\Cache\Home\e2f1e8739761dd1b07196da7c9136d50.php 第 14 行.
NOTIC: [2] include(errors.php): failed to open stream: No such file or directory D:\webroot\regis\Application\Runtime\Cache\Home\e2f1e8739761dd1b07196da7c9136d50.php 第 14 行.
NOTIC: [2] include(): Failed opening 'errors.php' for inclusion (include_path='.;C:\php\pear') D:\webroot\regis\Application\Runtime\Cache\Home\e2f1e8739761dd1b07196da7c9136d50.php 第 14 行.
NOTIC: [8] Undefined variable: username D:\webroot\regis\Application\Runtime\Cache\Home\e2f1e8739761dd1b07196da7c9136d50.php 第 17 行.
INFO: Run Behavior\ParseTemplateBehavior [ RunTime:0.007001s ]
INFO: [ view_parse ] --END-- [ RunTime:0.007001s ]
INFO: [ view_filter ] --START--
INFO: Run Behavior\WriteHtmlCacheBehavior [ RunTime:0.001000s ]
INFO: [ view_filter ] --END-- [ RunTime:0.001000s ]
INFO: [ app_end ] --START--
INFO: Run Behavior\ShowPageTraceBehavior [ RunTime:0.001000s ]
INFO: [ app_end ] --END-- [ RunTime:0.001000s ]

